<?xml version="1.0" encoding="UTF-8"?>
<testsuite xmlns:xsi="http://www.w3.org/2001/XMLSchema-instance" xsi:noNamespaceSchemaLocation="https://maven.apache.org/surefire/maven-surefire-plugin/xsd/surefire-test-report.xsd" version="3.0.2" name="uz.akbar.resto.RestoBackendApplicationTests" time="7.398" tests="1" errors="0" skipped="0" failures="0">
  <properties>
    <property name="java.specification.version" value="23"/>
    <property name="sun.jnu.encoding" value="UTF-8"/>
    <property name="java.class.path" value="/home/akbar/akbarDev/petProjects/restoApp/restoBackend/target/test-classes:/home/akbar/akbarDev/petProjects/restoApp/restoBackend/target/classes:/home/akbar/.m2/repository/org/springframework/boot/spring-boot-starter-data-jpa/3.4.2/spring-boot-starter-data-jpa-3.4.2.jar:/home/akbar/.m2/repository/org/springframework/boot/spring-boot-starter/3.4.2/spring-boot-starter-3.4.2.jar:/home/akbar/.m2/repository/org/springframework/boot/spring-boot/3.4.2/spring-boot-3.4.2.jar:/home/akbar/.m2/repository/org/springframework/boot/spring-boot-autoconfigure/3.4.2/spring-boot-autoconfigure-3.4.2.jar:/home/akbar/.m2/repository/org/springframework/boot/spring-boot-starter-logging/3.4.2/spring-boot-starter-logging-3.4.2.jar:/home/akbar/.m2/repository/ch/qos/logback/logback-classic/1.5.16/logback-classic-1.5.16.jar:/home/akbar/.m2/repository/ch/qos/logback/logback-core/1.5.16/logback-core-1.5.16.jar:/home/akbar/.m2/repository/org/apache/logging/log4j/log4j-to-slf4j/2.24.3/log4j-to-slf4j-2.24.3.jar:/home/akbar/.m2/repository/org/apache/logging/log4j/log4j-api/2.24.3/log4j-api-2.24.3.jar:/home/akbar/.m2/repository/org/slf4j/jul-to-slf4j/2.0.16/jul-to-slf4j-2.0.16.jar:/home/akbar/.m2/repository/jakarta/annotation/jakarta.annotation-api/2.1.1/jakarta.annotation-api-2.1.1.jar:/home/akbar/.m2/repository/org/yaml/snakeyaml/2.3/snakeyaml-2.3.jar:/home/akbar/.m2/repository/org/springframework/boot/spring-boot-starter-jdbc/3.4.2/spring-boot-starter-jdbc-3.4.2.jar:/home/akbar/.m2/repository/com/zaxxer/HikariCP/5.1.0/HikariCP-5.1.0.jar:/home/akbar/.m2/repository/org/springframework/spring-jdbc/6.2.2/spring-jdbc-6.2.2.jar:/home/akbar/.m2/repository/org/hibernate/orm/hibernate-core/6.6.5.Final/hibernate-core-6.6.5.Final.jar:/home/akbar/.m2/repository/jakarta/persistence/jakarta.persistence-api/3.1.0/jakarta.persistence-api-3.1.0.jar:/home/akbar/.m2/repository/jakarta/transaction/jakarta.transaction-api/2.0.1/jakarta.transaction-api-2.0.1.jar:/home/akbar/.m2/repository/org/jboss/logging/jboss-logging/3.6.1.Final/jboss-logging-3.6.1.Final.jar:/home/akbar/.m2/repository/org/hibernate/common/hibernate-commons-annotations/7.0.3.Final/hibernate-commons-annotations-7.0.3.Final.jar:/home/akbar/.m2/repository/io/smallrye/jandex/3.2.0/jandex-3.2.0.jar:/home/akbar/.m2/repository/com/fasterxml/classmate/1.7.0/classmate-1.7.0.jar:/home/akbar/.m2/repository/net/bytebuddy/byte-buddy/1.15.11/byte-buddy-1.15.11.jar:/home/akbar/.m2/repository/org/glassfish/jaxb/jaxb-runtime/4.0.5/jaxb-runtime-4.0.5.jar:/home/akbar/.m2/repository/org/glassfish/jaxb/jaxb-core/4.0.5/jaxb-core-4.0.5.jar:/home/akbar/.m2/repository/org/eclipse/angus/angus-activation/2.0.2/angus-activation-2.0.2.jar:/home/akbar/.m2/repository/org/glassfish/jaxb/txw2/4.0.5/txw2-4.0.5.jar:/home/akbar/.m2/repository/com/sun/istack/istack-commons-runtime/4.1.2/istack-commons-runtime-4.1.2.jar:/home/akbar/.m2/repository/jakarta/inject/jakarta.inject-api/2.0.1/jakarta.inject-api-2.0.1.jar:/home/akbar/.m2/repository/org/antlr/antlr4-runtime/4.13.0/antlr4-runtime-4.13.0.jar:/home/akbar/.m2/repository/org/springframework/data/spring-data-jpa/3.4.2/spring-data-jpa-3.4.2.jar:/home/akbar/.m2/repository/org/springframework/data/spring-data-commons/3.4.2/spring-data-commons-3.4.2.jar:/home/akbar/.m2/repository/org/springframework/spring-orm/6.2.2/spring-orm-6.2.2.jar:/home/akbar/.m2/repository/org/springframework/spring-context/6.2.2/spring-context-6.2.2.jar:/home/akbar/.m2/repository/org/springframework/spring-tx/6.2.2/spring-tx-6.2.2.jar:/home/akbar/.m2/repository/org/springframework/spring-beans/6.2.2/spring-beans-6.2.2.jar:/home/akbar/.m2/repository/org/slf4j/slf4j-api/2.0.16/slf4j-api-2.0.16.jar:/home/akbar/.m2/repository/org/springframework/spring-aspects/6.2.2/spring-aspects-6.2.2.jar:/home/akbar/.m2/repository/org/aspectj/aspectjweaver/1.9.22.1/aspectjweaver-1.9.22.1.jar:/home/akbar/.m2/repository/org/springframework/boot/spring-boot-starter-security/3.4.2/spring-boot-starter-security-3.4.2.jar:/home/akbar/.m2/repository/org/springframework/spring-aop/6.2.2/spring-aop-6.2.2.jar:/home/akbar/.m2/repository/org/springframework/security/spring-security-config/6.4.2/spring-security-config-6.4.2.jar:/home/akbar/.m2/repository/org/springframework/security/spring-security-web/6.4.2/spring-security-web-6.4.2.jar:/home/akbar/.m2/repository/org/springframework/spring-expression/6.2.2/spring-expression-6.2.2.jar:/home/akbar/.m2/repository/org/springframework/boot/spring-boot-starter-web/3.4.2/spring-boot-starter-web-3.4.2.jar:/home/akbar/.m2/repository/org/springframework/boot/spring-boot-starter-json/3.4.2/spring-boot-starter-json-3.4.2.jar:/home/akbar/.m2/repository/com/fasterxml/jackson/datatype/jackson-datatype-jdk8/2.18.2/jackson-datatype-jdk8-2.18.2.jar:/home/akbar/.m2/repository/com/fasterxml/jackson/datatype/jackson-datatype-jsr310/2.18.2/jackson-datatype-jsr310-2.18.2.jar:/home/akbar/.m2/repository/com/fasterxml/jackson/module/jackson-module-parameter-names/2.18.2/jackson-module-parameter-names-2.18.2.jar:/home/akbar/.m2/repository/org/springframework/boot/spring-boot-starter-tomcat/3.4.2/spring-boot-starter-tomcat-3.4.2.jar:/home/akbar/.m2/repository/org/apache/tomcat/embed/tomcat-embed-core/10.1.34/tomcat-embed-core-10.1.34.jar:/home/akbar/.m2/repository/org/apache/tomcat/embed/tomcat-embed-websocket/10.1.34/tomcat-embed-websocket-10.1.34.jar:/home/akbar/.m2/repository/org/springframework/spring-web/6.2.2/spring-web-6.2.2.jar:/home/akbar/.m2/repository/io/micrometer/micrometer-observation/1.14.3/micrometer-observation-1.14.3.jar:/home/akbar/.m2/repository/io/micrometer/micrometer-commons/1.14.3/micrometer-commons-1.14.3.jar:/home/akbar/.m2/repository/org/springframework/spring-webmvc/6.2.2/spring-webmvc-6.2.2.jar:/home/akbar/.m2/repository/org/postgresql/postgresql/42.7.5/postgresql-42.7.5.jar:/home/akbar/.m2/repository/org/checkerframework/checker-qual/3.48.3/checker-qual-3.48.3.jar:/home/akbar/.m2/repository/org/springframework/boot/spring-boot-starter-test/3.4.2/spring-boot-starter-test-3.4.2.jar:/home/akbar/.m2/repository/org/springframework/boot/spring-boot-test/3.4.2/spring-boot-test-3.4.2.jar:/home/akbar/.m2/repository/org/springframework/boot/spring-boot-test-autoconfigure/3.4.2/spring-boot-test-autoconfigure-3.4.2.jar:/home/akbar/.m2/repository/com/jayway/jsonpath/json-path/2.9.0/json-path-2.9.0.jar:/home/akbar/.m2/repository/jakarta/xml/bind/jakarta.xml.bind-api/4.0.2/jakarta.xml.bind-api-4.0.2.jar:/home/akbar/.m2/repository/jakarta/activation/jakarta.activation-api/2.1.3/jakarta.activation-api-2.1.3.jar:/home/akbar/.m2/repository/net/minidev/json-smart/2.5.1/json-smart-2.5.1.jar:/home/akbar/.m2/repository/net/minidev/accessors-smart/2.5.1/accessors-smart-2.5.1.jar:/home/akbar/.m2/repository/org/ow2/asm/asm/9.6/asm-9.6.jar:/home/akbar/.m2/repository/org/assertj/assertj-core/3.26.3/assertj-core-3.26.3.jar:/home/akbar/.m2/repository/org/awaitility/awaitility/4.2.2/awaitility-4.2.2.jar:/home/akbar/.m2/repository/org/hamcrest/hamcrest/2.2/hamcrest-2.2.jar:/home/akbar/.m2/repository/org/junit/jupiter/junit-jupiter/5.11.4/junit-jupiter-5.11.4.jar:/home/akbar/.m2/repository/org/junit/jupiter/junit-jupiter-api/5.11.4/junit-jupiter-api-5.11.4.jar:/home/akbar/.m2/repository/org/opentest4j/opentest4j/1.3.0/opentest4j-1.3.0.jar:/home/akbar/.m2/repository/org/junit/platform/junit-platform-commons/1.11.4/junit-platform-commons-1.11.4.jar:/home/akbar/.m2/repository/org/apiguardian/apiguardian-api/1.1.2/apiguardian-api-1.1.2.jar:/home/akbar/.m2/repository/org/junit/jupiter/junit-jupiter-params/5.11.4/junit-jupiter-params-5.11.4.jar:/home/akbar/.m2/repository/org/junit/jupiter/junit-jupiter-engine/5.11.4/junit-jupiter-engine-5.11.4.jar:/home/akbar/.m2/repository/org/junit/platform/junit-platform-engine/1.11.4/junit-platform-engine-1.11.4.jar:/home/akbar/.m2/repository/org/mockito/mockito-core/5.14.2/mockito-core-5.14.2.jar:/home/akbar/.m2/repository/net/bytebuddy/byte-buddy-agent/1.15.11/byte-buddy-agent-1.15.11.jar:/home/akbar/.m2/repository/org/objenesis/objenesis/3.3/objenesis-3.3.jar:/home/akbar/.m2/repository/org/mockito/mockito-junit-jupiter/5.14.2/mockito-junit-jupiter-5.14.2.jar:/home/akbar/.m2/repository/org/skyscreamer/jsonassert/1.5.3/jsonassert-1.5.3.jar:/home/akbar/.m2/repository/com/vaadin/external/google/android-json/0.0.20131108.vaadin1/android-json-0.0.20131108.vaadin1.jar:/home/akbar/.m2/repository/org/springframework/spring-core/6.2.2/spring-core-6.2.2.jar:/home/akbar/.m2/repository/org/springframework/spring-jcl/6.2.2/spring-jcl-6.2.2.jar:/home/akbar/.m2/repository/org/springframework/spring-test/6.2.2/spring-test-6.2.2.jar:/home/akbar/.m2/repository/org/xmlunit/xmlunit-core/2.10.0/xmlunit-core-2.10.0.jar:/home/akbar/.m2/repository/org/springframework/security/spring-security-test/6.4.2/spring-security-test-6.4.2.jar:/home/akbar/.m2/repository/org/springframework/security/spring-security-core/6.4.2/spring-security-core-6.4.2.jar:/home/akbar/.m2/repository/org/springframework/security/spring-security-crypto/6.4.2/spring-security-crypto-6.4.2.jar:/home/akbar/.m2/repository/org/springframework/boot/spring-boot-starter-validation/3.4.2/spring-boot-starter-validation-3.4.2.jar:/home/akbar/.m2/repository/org/apache/tomcat/embed/tomcat-embed-el/10.1.34/tomcat-embed-el-10.1.34.jar:/home/akbar/.m2/repository/org/hibernate/validator/hibernate-validator/8.0.2.Final/hibernate-validator-8.0.2.Final.jar:/home/akbar/.m2/repository/jakarta/validation/jakarta.validation-api/3.0.2/jakarta.validation-api-3.0.2.jar:/home/akbar/.m2/repository/org/projectlombok/lombok/1.18.36/lombok-1.18.36.jar:/home/akbar/.m2/repository/io/jsonwebtoken/jjwt-api/0.12.6/jjwt-api-0.12.6.jar:/home/akbar/.m2/repository/io/jsonwebtoken/jjwt-impl/0.12.6/jjwt-impl-0.12.6.jar:/home/akbar/.m2/repository/io/jsonwebtoken/jjwt-jackson/0.12.6/jjwt-jackson-0.12.6.jar:/home/akbar/.m2/repository/com/fasterxml/jackson/core/jackson-databind/2.18.2/jackson-databind-2.18.2.jar:/home/akbar/.m2/repository/com/fasterxml/jackson/core/jackson-annotations/2.18.2/jackson-annotations-2.18.2.jar:/home/akbar/.m2/repository/com/fasterxml/jackson/core/jackson-core/2.18.2/jackson-core-2.18.2.jar:/home/akbar/.m2/repository/org/mapstruct/mapstruct/1.6.3/mapstruct-1.6.3.jar:/home/akbar/.m2/repository/org/mapstruct/mapstruct-processor/1.6.3/mapstruct-processor-1.6.3.jar:/home/akbar/.m2/repository/org/projectlombok/lombok-mapstruct-binding/0.2.0/lombok-mapstruct-binding-0.2.0.jar:"/>
    <property name="java.vm.vendor" value="Oracle Corporation"/>
    <property name="sun.arch.data.model" value="64"/>
    <property name="java.vendor.url" value="https://java.oracle.com/"/>
    <property name="user.timezone" value="Asia/Samarkand"/>
    <property name="org.jboss.logging.provider" value="slf4j"/>
    <property name="os.name" value="Linux"/>
    <property name="java.vm.specification.version" value="23"/>
    <property name="APPLICATION_NAME" value="resto-backend"/>
    <property name="sun.java.launcher" value="SUN_STANDARD"/>
    <property name="user.country" value="GB"/>
    <property name="sun.boot.library.path" value="/usr/lib/jvm/jdk-23.0.1-oracle-x64/lib"/>
    <property name="sun.java.command" value="/home/akbar/akbarDev/petProjects/restoApp/restoBackend/target/surefire/surefirebooter-20250127112506838_3.jar /home/akbar/akbarDev/petProjects/restoApp/restoBackend/target/surefire 2025-01-27T11-25-05_075-jvmRun1 surefire-20250127112506838_1tmp surefire_0-20250127112506838_2tmp"/>
    <property name="jdk.debug" value="release"/>
    <property name="surefire.test.class.path" value="/home/akbar/akbarDev/petProjects/restoApp/restoBackend/target/test-classes:/home/akbar/akbarDev/petProjects/restoApp/restoBackend/target/classes:/home/akbar/.m2/repository/org/springframework/boot/spring-boot-starter-data-jpa/3.4.2/spring-boot-starter-data-jpa-3.4.2.jar:/home/akbar/.m2/repository/org/springframework/boot/spring-boot-starter/3.4.2/spring-boot-starter-3.4.2.jar:/home/akbar/.m2/repository/org/springframework/boot/spring-boot/3.4.2/spring-boot-3.4.2.jar:/home/akbar/.m2/repository/org/springframework/boot/spring-boot-autoconfigure/3.4.2/spring-boot-autoconfigure-3.4.2.jar:/home/akbar/.m2/repository/org/springframework/boot/spring-boot-starter-logging/3.4.2/spring-boot-starter-logging-3.4.2.jar:/home/akbar/.m2/repository/ch/qos/logback/logback-classic/1.5.16/logback-classic-1.5.16.jar:/home/akbar/.m2/repository/ch/qos/logback/logback-core/1.5.16/logback-core-1.5.16.jar:/home/akbar/.m2/repository/org/apache/logging/log4j/log4j-to-slf4j/2.24.3/log4j-to-slf4j-2.24.3.jar:/home/akbar/.m2/repository/org/apache/logging/log4j/log4j-api/2.24.3/log4j-api-2.24.3.jar:/home/akbar/.m2/repository/org/slf4j/jul-to-slf4j/2.0.16/jul-to-slf4j-2.0.16.jar:/home/akbar/.m2/repository/jakarta/annotation/jakarta.annotation-api/2.1.1/jakarta.annotation-api-2.1.1.jar:/home/akbar/.m2/repository/org/yaml/snakeyaml/2.3/snakeyaml-2.3.jar:/home/akbar/.m2/repository/org/springframework/boot/spring-boot-starter-jdbc/3.4.2/spring-boot-starter-jdbc-3.4.2.jar:/home/akbar/.m2/repository/com/zaxxer/HikariCP/5.1.0/HikariCP-5.1.0.jar:/home/akbar/.m2/repository/org/springframework/spring-jdbc/6.2.2/spring-jdbc-6.2.2.jar:/home/akbar/.m2/repository/org/hibernate/orm/hibernate-core/6.6.5.Final/hibernate-core-6.6.5.Final.jar:/home/akbar/.m2/repository/jakarta/persistence/jakarta.persistence-api/3.1.0/jakarta.persistence-api-3.1.0.jar:/home/akbar/.m2/repository/jakarta/transaction/jakarta.transaction-api/2.0.1/jakarta.transaction-api-2.0.1.jar:/home/akbar/.m2/repository/org/jboss/logging/jboss-logging/3.6.1.Final/jboss-logging-3.6.1.Final.jar:/home/akbar/.m2/repository/org/hibernate/common/hibernate-commons-annotations/7.0.3.Final/hibernate-commons-annotations-7.0.3.Final.jar:/home/akbar/.m2/repository/io/smallrye/jandex/3.2.0/jandex-3.2.0.jar:/home/akbar/.m2/repository/com/fasterxml/classmate/1.7.0/classmate-1.7.0.jar:/home/akbar/.m2/repository/net/bytebuddy/byte-buddy/1.15.11/byte-buddy-1.15.11.jar:/home/akbar/.m2/repository/org/glassfish/jaxb/jaxb-runtime/4.0.5/jaxb-runtime-4.0.5.jar:/home/akbar/.m2/repository/org/glassfish/jaxb/jaxb-core/4.0.5/jaxb-core-4.0.5.jar:/home/akbar/.m2/repository/org/eclipse/angus/angus-activation/2.0.2/angus-activation-2.0.2.jar:/home/akbar/.m2/repository/org/glassfish/jaxb/txw2/4.0.5/txw2-4.0.5.jar:/home/akbar/.m2/repository/com/sun/istack/istack-commons-runtime/4.1.2/istack-commons-runtime-4.1.2.jar:/home/akbar/.m2/repository/jakarta/inject/jakarta.inject-api/2.0.1/jakarta.inject-api-2.0.1.jar:/home/akbar/.m2/repository/org/antlr/antlr4-runtime/4.13.0/antlr4-runtime-4.13.0.jar:/home/akbar/.m2/repository/org/springframework/data/spring-data-jpa/3.4.2/spring-data-jpa-3.4.2.jar:/home/akbar/.m2/repository/org/springframework/data/spring-data-commons/3.4.2/spring-data-commons-3.4.2.jar:/home/akbar/.m2/repository/org/springframework/spring-orm/6.2.2/spring-orm-6.2.2.jar:/home/akbar/.m2/repository/org/springframework/spring-context/6.2.2/spring-context-6.2.2.jar:/home/akbar/.m2/repository/org/springframework/spring-tx/6.2.2/spring-tx-6.2.2.jar:/home/akbar/.m2/repository/org/springframework/spring-beans/6.2.2/spring-beans-6.2.2.jar:/home/akbar/.m2/repository/org/slf4j/slf4j-api/2.0.16/slf4j-api-2.0.16.jar:/home/akbar/.m2/repository/org/springframework/spring-aspects/6.2.2/spring-aspects-6.2.2.jar:/home/akbar/.m2/repository/org/aspectj/aspectjweaver/1.9.22.1/aspectjweaver-1.9.22.1.jar:/home/akbar/.m2/repository/org/springframework/boot/spring-boot-starter-security/3.4.2/spring-boot-starter-security-3.4.2.jar:/home/akbar/.m2/repository/org/springframework/spring-aop/6.2.2/spring-aop-6.2.2.jar:/home/akbar/.m2/repository/org/springframework/security/spring-security-config/6.4.2/spring-security-config-6.4.2.jar:/home/akbar/.m2/repository/org/springframework/security/spring-security-web/6.4.2/spring-security-web-6.4.2.jar:/home/akbar/.m2/repository/org/springframework/spring-expression/6.2.2/spring-expression-6.2.2.jar:/home/akbar/.m2/repository/org/springframework/boot/spring-boot-starter-web/3.4.2/spring-boot-starter-web-3.4.2.jar:/home/akbar/.m2/repository/org/springframework/boot/spring-boot-starter-json/3.4.2/spring-boot-starter-json-3.4.2.jar:/home/akbar/.m2/repository/com/fasterxml/jackson/datatype/jackson-datatype-jdk8/2.18.2/jackson-datatype-jdk8-2.18.2.jar:/home/akbar/.m2/repository/com/fasterxml/jackson/datatype/jackson-datatype-jsr310/2.18.2/jackson-datatype-jsr310-2.18.2.jar:/home/akbar/.m2/repository/com/fasterxml/jackson/module/jackson-module-parameter-names/2.18.2/jackson-module-parameter-names-2.18.2.jar:/home/akbar/.m2/repository/org/springframework/boot/spring-boot-starter-tomcat/3.4.2/spring-boot-starter-tomcat-3.4.2.jar:/home/akbar/.m2/repository/org/apache/tomcat/embed/tomcat-embed-core/10.1.34/tomcat-embed-core-10.1.34.jar:/home/akbar/.m2/repository/org/apache/tomcat/embed/tomcat-embed-websocket/10.1.34/tomcat-embed-websocket-10.1.34.jar:/home/akbar/.m2/repository/org/springframework/spring-web/6.2.2/spring-web-6.2.2.jar:/home/akbar/.m2/repository/io/micrometer/micrometer-observation/1.14.3/micrometer-observation-1.14.3.jar:/home/akbar/.m2/repository/io/micrometer/micrometer-commons/1.14.3/micrometer-commons-1.14.3.jar:/home/akbar/.m2/repository/org/springframework/spring-webmvc/6.2.2/spring-webmvc-6.2.2.jar:/home/akbar/.m2/repository/org/postgresql/postgresql/42.7.5/postgresql-42.7.5.jar:/home/akbar/.m2/repository/org/checkerframework/checker-qual/3.48.3/checker-qual-3.48.3.jar:/home/akbar/.m2/repository/org/springframework/boot/spring-boot-starter-test/3.4.2/spring-boot-starter-test-3.4.2.jar:/home/akbar/.m2/repository/org/springframework/boot/spring-boot-test/3.4.2/spring-boot-test-3.4.2.jar:/home/akbar/.m2/repository/org/springframework/boot/spring-boot-test-autoconfigure/3.4.2/spring-boot-test-autoconfigure-3.4.2.jar:/home/akbar/.m2/repository/com/jayway/jsonpath/json-path/2.9.0/json-path-2.9.0.jar:/home/akbar/.m2/repository/jakarta/xml/bind/jakarta.xml.bind-api/4.0.2/jakarta.xml.bind-api-4.0.2.jar:/home/akbar/.m2/repository/jakarta/activation/jakarta.activation-api/2.1.3/jakarta.activation-api-2.1.3.jar:/home/akbar/.m2/repository/net/minidev/json-smart/2.5.1/json-smart-2.5.1.jar:/home/akbar/.m2/repository/net/minidev/accessors-smart/2.5.1/accessors-smart-2.5.1.jar:/home/akbar/.m2/repository/org/ow2/asm/asm/9.6/asm-9.6.jar:/home/akbar/.m2/repository/org/assertj/assertj-core/3.26.3/assertj-core-3.26.3.jar:/home/akbar/.m2/repository/org/awaitility/awaitility/4.2.2/awaitility-4.2.2.jar:/home/akbar/.m2/repository/org/hamcrest/hamcrest/2.2/hamcrest-2.2.jar:/home/akbar/.m2/repository/org/junit/jupiter/junit-jupiter/5.11.4/junit-jupiter-5.11.4.jar:/home/akbar/.m2/repository/org/junit/jupiter/junit-jupiter-api/5.11.4/junit-jupiter-api-5.11.4.jar:/home/akbar/.m2/repository/org/opentest4j/opentest4j/1.3.0/opentest4j-1.3.0.jar:/home/akbar/.m2/repository/org/junit/platform/junit-platform-commons/1.11.4/junit-platform-commons-1.11.4.jar:/home/akbar/.m2/repository/org/apiguardian/apiguardian-api/1.1.2/apiguardian-api-1.1.2.jar:/home/akbar/.m2/repository/org/junit/jupiter/junit-jupiter-params/5.11.4/junit-jupiter-params-5.11.4.jar:/home/akbar/.m2/repository/org/junit/jupiter/junit-jupiter-engine/5.11.4/junit-jupiter-engine-5.11.4.jar:/home/akbar/.m2/repository/org/junit/platform/junit-platform-engine/1.11.4/junit-platform-engine-1.11.4.jar:/home/akbar/.m2/repository/org/mockito/mockito-core/5.14.2/mockito-core-5.14.2.jar:/home/akbar/.m2/repository/net/bytebuddy/byte-buddy-agent/1.15.11/byte-buddy-agent-1.15.11.jar:/home/akbar/.m2/repository/org/objenesis/objenesis/3.3/objenesis-3.3.jar:/home/akbar/.m2/repository/org/mockito/mockito-junit-jupiter/5.14.2/mockito-junit-jupiter-5.14.2.jar:/home/akbar/.m2/repository/org/skyscreamer/jsonassert/1.5.3/jsonassert-1.5.3.jar:/home/akbar/.m2/repository/com/vaadin/external/google/android-json/0.0.20131108.vaadin1/android-json-0.0.20131108.vaadin1.jar:/home/akbar/.m2/repository/org/springframework/spring-core/6.2.2/spring-core-6.2.2.jar:/home/akbar/.m2/repository/org/springframework/spring-jcl/6.2.2/spring-jcl-6.2.2.jar:/home/akbar/.m2/repository/org/springframework/spring-test/6.2.2/spring-test-6.2.2.jar:/home/akbar/.m2/repository/org/xmlunit/xmlunit-core/2.10.0/xmlunit-core-2.10.0.jar:/home/akbar/.m2/repository/org/springframework/security/spring-security-test/6.4.2/spring-security-test-6.4.2.jar:/home/akbar/.m2/repository/org/springframework/security/spring-security-core/6.4.2/spring-security-core-6.4.2.jar:/home/akbar/.m2/repository/org/springframework/security/spring-security-crypto/6.4.2/spring-security-crypto-6.4.2.jar:/home/akbar/.m2/repository/org/springframework/boot/spring-boot-starter-validation/3.4.2/spring-boot-starter-validation-3.4.2.jar:/home/akbar/.m2/repository/org/apache/tomcat/embed/tomcat-embed-el/10.1.34/tomcat-embed-el-10.1.34.jar:/home/akbar/.m2/repository/org/hibernate/validator/hibernate-validator/8.0.2.Final/hibernate-validator-8.0.2.Final.jar:/home/akbar/.m2/repository/jakarta/validation/jakarta.validation-api/3.0.2/jakarta.validation-api-3.0.2.jar:/home/akbar/.m2/repository/org/projectlombok/lombok/1.18.36/lombok-1.18.36.jar:/home/akbar/.m2/repository/io/jsonwebtoken/jjwt-api/0.12.6/jjwt-api-0.12.6.jar:/home/akbar/.m2/repository/io/jsonwebtoken/jjwt-impl/0.12.6/jjwt-impl-0.12.6.jar:/home/akbar/.m2/repository/io/jsonwebtoken/jjwt-jackson/0.12.6/jjwt-jackson-0.12.6.jar:/home/akbar/.m2/repository/com/fasterxml/jackson/core/jackson-databind/2.18.2/jackson-databind-2.18.2.jar:/home/akbar/.m2/repository/com/fasterxml/jackson/core/jackson-annotations/2.18.2/jackson-annotations-2.18.2.jar:/home/akbar/.m2/repository/com/fasterxml/jackson/core/jackson-core/2.18.2/jackson-core-2.18.2.jar:/home/akbar/.m2/repository/org/mapstruct/mapstruct/1.6.3/mapstruct-1.6.3.jar:/home/akbar/.m2/repository/org/mapstruct/mapstruct-processor/1.6.3/mapstruct-processor-1.6.3.jar:/home/akbar/.m2/repository/org/projectlombok/lombok-mapstruct-binding/0.2.0/lombok-mapstruct-binding-0.2.0.jar:"/>
    <property name="sun.cpu.endian" value="little"/>
    <property name="user.home" value="/home/akbar"/>
    <property name="user.language" value="en"/>
    <property name="java.specification.vendor" value="Oracle Corporation"/>
    <property name="java.version.date" value="2024-10-15"/>
    <property name="java.home" value="/usr/lib/jvm/jdk-23.0.1-oracle-x64"/>
    <property name="file.separator" value="/"/>
    <property name="basedir" value="/home/akbar/akbarDev/petProjects/restoApp/restoBackend"/>
    <property name="java.vm.compressedOopsMode" value="32-bit"/>
    <property name="line.separator" value="&#10;"/>
    <property name="java.vm.specification.vendor" value="Oracle Corporation"/>
    <property name="java.specification.name" value="Java Platform API Specification"/>
    <property name="FILE_LOG_CHARSET" value="UTF-8"/>
    <property name="java.awt.headless" value="true"/>
    <property name="surefire.real.class.path" value="/home/akbar/akbarDev/petProjects/restoApp/restoBackend/target/surefire/surefirebooter-20250127112506838_3.jar"/>
    <property name="sun.management.compiler" value="HotSpot 64-Bit Tiered Compilers"/>
    <property name="java.runtime.version" value="23.0.1+11-39"/>
    <property name="user.name" value="akbar"/>
    <property name="stdout.encoding" value="UTF-8"/>
    <property name="path.separator" value=":"/>
    <property name="os.version" value="6.1.0-30-amd64"/>
    <property name="java.runtime.name" value="Java(TM) SE Runtime Environment"/>
    <property name="file.encoding" value="UTF-8"/>
    <property name="java.vm.name" value="Java HotSpot(TM) 64-Bit Server VM"/>
    <property name="localRepository" value="/home/akbar/.m2/repository"/>
    <property name="java.vendor.url.bug" value="https://bugreport.java.com/bugreport/"/>
    <property name="java.io.tmpdir" value="/tmp"/>
    <property name="com.zaxxer.hikari.pool_number" value="1"/>
    <property name="java.version" value="23.0.1"/>
    <property name="user.dir" value="/home/akbar/akbarDev/petProjects/restoApp/restoBackend"/>
    <property name="os.arch" value="amd64"/>
    <property name="java.vm.specification.name" value="Java Virtual Machine Specification"/>
    <property name="PID" value="56123"/>
    <property name="CONSOLE_LOG_CHARSET" value="UTF-8"/>
    <property name="native.encoding" value="UTF-8"/>
    <property name="java.library.path" value="/usr/java/packages/lib:/usr/lib64:/lib64:/lib:/usr/lib"/>
    <property name="java.vm.info" value="mixed mode, sharing"/>
    <property name="stderr.encoding" value="UTF-8"/>
    <property name="java.vendor" value="Oracle Corporation"/>
    <property name="java.vm.version" value="23.0.1+11-39"/>
    <property name="sun.io.unicode.encoding" value="UnicodeLittle"/>
    <property name="java.class.version" value="67.0"/>
    <property name="LOGGED_APPLICATION_NAME" value="[resto-backend] "/>
  </properties>
  <testcase name="contextLoads" classname="uz.akbar.resto.RestoBackendApplicationTests" time="0.865">
    <system-out><![CDATA[11:25:08.088 [main] INFO org.springframework.test.context.support.AnnotationConfigContextLoaderUtils -- Could not detect default configuration classes for test class [uz.akbar.resto.RestoBackendApplicationTests]: RestoBackendApplicationTests does not declare any static, non-private, non-final, nested classes annotated with @Configuration.
11:25:08.271 [main] INFO org.springframework.boot.test.context.SpringBootTestContextBootstrapper -- Found @SpringBootConfiguration uz.akbar.resto.RestoBackendApplication for test class uz.akbar.resto.RestoBackendApplicationTests

  .   ____          _            __ _ _
 /\\ / ___'_ __ _ _(_)_ __  __ _ \ \ \ \
( ( )\___ | '_ | '_| | '_ \/ _` | \ \ \ \
 \\/  ___)| |_)| | | | | || (_| |  ) ) ) )
  '  |____| .__|_| |_|_| |_\__, | / / / /
 =========|_|==============|___/=/_/_/_/

 :: Spring Boot ::                (v3.4.2)

2025-01-27T11:25:08.943+05:00  INFO 56123 --- [resto-backend] [           main] u.a.resto.RestoBackendApplicationTests   : Starting RestoBackendApplicationTests using Java 23.0.1 with PID 56123 (started by akbar in /home/akbar/akbarDev/petProjects/restoApp/restoBackend)
2025-01-27T11:25:08.947+05:00  INFO 56123 --- [resto-backend] [           main] u.a.resto.RestoBackendApplicationTests   : No active profile set, falling back to 1 default profile: "default"
2025-01-27T11:25:10.145+05:00  INFO 56123 --- [resto-backend] [           main] .s.d.r.c.RepositoryConfigurationDelegate : Bootstrapping Spring Data JPA repositories in DEFAULT mode.
2025-01-27T11:25:10.175+05:00  INFO 56123 --- [resto-backend] [           main] .s.d.r.c.RepositoryConfigurationDelegate : Finished Spring Data repository scanning in 17 ms. Found 0 JPA repository interfaces.
2025-01-27T11:25:11.010+05:00  INFO 56123 --- [resto-backend] [           main] o.hibernate.jpa.internal.util.LogHelper  : HHH000204: Processing PersistenceUnitInfo [name: default]
2025-01-27T11:25:11.106+05:00  INFO 56123 --- [resto-backend] [           main] org.hibernate.Version                    : HHH000412: Hibernate ORM core version 6.6.5.Final
2025-01-27T11:25:11.174+05:00  INFO 56123 --- [resto-backend] [           main] o.h.c.internal.RegionFactoryInitiator    : HHH000026: Second-level cache disabled
2025-01-27T11:25:11.638+05:00  INFO 56123 --- [resto-backend] [           main] o.s.o.j.p.SpringPersistenceUnitInfo      : No LoadTimeWeaver setup: ignoring JPA class transformer
2025-01-27T11:25:11.700+05:00  INFO 56123 --- [resto-backend] [           main] com.zaxxer.hikari.HikariDataSource       : HikariPool-1 - Starting...
2025-01-27T11:25:12.220+05:00  INFO 56123 --- [resto-backend] [           main] com.zaxxer.hikari.pool.HikariPool        : HikariPool-1 - Added connection org.postgresql.jdbc.PgConnection@682266d8
2025-01-27T11:25:12.221+05:00  INFO 56123 --- [resto-backend] [           main] com.zaxxer.hikari.HikariDataSource       : HikariPool-1 - Start completed.
2025-01-27T11:25:12.316+05:00  INFO 56123 --- [resto-backend] [           main] org.hibernate.orm.connections.pooling    : HHH10001005: Database info:
	Database JDBC URL [Connecting through datasource 'HikariDataSource (HikariPool-1)']
	Database driver: undefined/unknown
	Database version: 15.10
	Autocommit mode: undefined/unknown
	Isolation level: undefined/unknown
	Minimum pool size: undefined/unknown
	Maximum pool size: undefined/unknown
2025-01-27T11:25:12.929+05:00  INFO 56123 --- [resto-backend] [           main] o.h.e.t.j.p.i.JtaPlatformInitiator       : HHH000489: No JTA platform available (set 'hibernate.transaction.jta.platform' to enable JTA platform integration)
2025-01-27T11:25:12.939+05:00  INFO 56123 --- [resto-backend] [           main] j.LocalContainerEntityManagerFactoryBean : Initialized JPA EntityManagerFactory for persistence unit 'default'
2025-01-27T11:25:13.290+05:00  WARN 56123 --- [resto-backend] [           main] JpaBaseConfiguration$JpaWebConfiguration : spring.jpa.open-in-view is enabled by default. Therefore, database queries may be performed during view rendering. Explicitly configure spring.jpa.open-in-view to disable this warning
2025-01-27T11:25:13.988+05:00  WARN 56123 --- [resto-backend] [           main] .s.s.UserDetailsServiceAutoConfiguration : 

Using generated security password: f5a4e9d8-5c66-4cc5-a228-8fb4ad0ccedd

This generated password is for development use only. Your security configuration must be updated before running your application in production.

2025-01-27T11:25:14.007+05:00  INFO 56123 --- [resto-backend] [           main] r$InitializeUserDetailsManagerConfigurer : Global AuthenticationManager configured with UserDetailsService bean with name inMemoryUserDetailsManager
2025-01-27T11:25:14.318+05:00  INFO 56123 --- [resto-backend] [           main] u.a.resto.RestoBackendApplicationTests   : Started RestoBackendApplicationTests in 5.812 seconds (process running for 7.41)
]]></system-out>
    <system-err><![CDATA[Mockito is currently self-attaching to enable the inline-mock-maker. This will no longer work in future releases of the JDK. Please add Mockito as an agent to your build what is described in Mockito's documentation: https://javadoc.io/doc/org.mockito/mockito-core/latest/org/mockito/Mockito.html#0.3
WARNING: A Java agent has been loaded dynamically (/home/akbar/.m2/repository/net/bytebuddy/byte-buddy-agent/1.15.11/byte-buddy-agent-1.15.11.jar)
WARNING: If a serviceability tool is in use, please run with -XX:+EnableDynamicAgentLoading to hide this warning
WARNING: If a serviceability tool is not in use, please run with -Djdk.instrument.traceUsage for more information
WARNING: Dynamic loading of agents will be disallowed by default in a future release
]]></system-err>
  </testcase>
</testsuite>